[backend] CMD: bash /home/wyyalhz/projects/AD-NeRF-Group7/AD-NeRF/run_adnerf.sh infer --id Obama --aud_file /home/wyyalhz/projects/AD-NeRF-Group7/static/audios/reply_1766419453546.wav --test_size 300
[run_adnerf] MODE       = infer
[run_adnerf] ID         = Obama
[run_adnerf] AUD_FILE   = /home/wyyalhz/projects/AD-NeRF-Group7/static/audios/reply_1766419453546.wav
[run_adnerf] TEST_SIZE  = 300
[run_adnerf] PREPROCESS = off

[run_adnerf] 调用 run_infer.sh 进行推理...
[run_adnerf] -> id       = Obama
[run_adnerf] -> aud_file  = /home/wyyalhz/projects/AD-NeRF-Group7/static/audios/reply_1766419453546.wav
[run_adnerf] -> test_size = 300

[run_infer.sh] 使用 ID           : Obama
[run_infer.sh] Torso 配置文件     : dataset/Obama/TorsoNeRFTest_config.txt
[run_infer.sh] 输入文件          : /home/wyyalhz/projects/AD-NeRF-Group7/static/audios/reply_1766419453546.wav (type=wav)
[run_infer.sh] 目标 wav           : dataset/Obama/reply_1766419453546.wav
[run_infer.sh] 目标 npy           : dataset/Obama/reply_1766419453546.npy
[run_infer.sh] test_size          : 300
[run_infer.sh] 输出视频           : dataset/Obama/render_out/reply_1766419453546.mp4

[run_infer.sh] 使用 ffmpeg 将输入 wav 转为 16k: dataset/Obama/reply_1766419453546.wav
ffmpeg version 4.4.2-0ubuntu0.22.04.1 Copyright (c) 2000-2021 the FFmpeg developers
  built with gcc 11 (Ubuntu 11.2.0-19ubuntu1)
  configuration: --prefix=/usr --extra-version=0ubuntu0.22.04.1 --toolchain=hardened --libdir=/usr/lib/x86_64-linux-gnu --incdir=/usr/include/x86_64-linux-gnu --arch=amd64 --enable-gpl --disable-stripping --enable-gnutls --enable-ladspa --enable-libaom --enable-libass --enable-libbluray --enable-libbs2b --enable-libcaca --enable-libcdio --enable-libcodec2 --enable-libdav1d --enable-libflite --enable-libfontconfig --enable-libfreetype --enable-libfribidi --enable-libgme --enable-libgsm --enable-libjack --enable-libmp3lame --enable-libmysofa --enable-libopenjpeg --enable-libopenmpt --enable-libopus --enable-libpulse --enable-librabbitmq --enable-librubberband --enable-libshine --enable-libsnappy --enable-libsoxr --enable-libspeex --enable-libsrt --enable-libssh --enable-libtheora --enable-libtwolame --enable-libvidstab --enable-libvorbis --enable-libvpx --enable-libwebp --enable-libx265 --enable-libxml2 --enable-libxvid --enable-libzimg --enable-libzmq --enable-libzvbi --enable-lv2 --enable-omx --enable-openal --enable-opencl --enable-opengl --enable-sdl2 --enable-pocketsphinx --enable-librsvg --enable-libmfx --enable-libdc1394 --enable-libdrm --enable-libiec61883 --enable-chromaprint --enable-frei0r --enable-libx264 --enable-shared
  libavutil      56. 70.100 / 56. 70.100
  libavcodec     58.134.100 / 58.134.100
  libavformat    58. 76.100 / 58. 76.100
  libavdevice    58. 13.100 / 58. 13.100
  libavfilter     7.110.100 /  7.110.100
  libswscale      5.  9.100 /  5.  9.100
  libswresample   3.  9.100 /  3.  9.100
  libpostproc    55.  9.100 / 55.  9.100
Guessed Channel Layout for Input Stream #0.0 : mono
Input #0, wav, from '/home/wyyalhz/projects/AD-NeRF-Group7/static/audios/reply_1766419453546.wav':
  Duration: 00:00:10.16, bitrate: 512 kb/s
  Stream #0:0: Audio: pcm_s16le ([1][0][0][0] / 0x0001), 32000 Hz, mono, s16, 512 kb/s
Stream mapping:
  Stream #0:0 -> #0:0 (pcm_s16le (native) -> pcm_s16le (native))
Press [q] to stop, [?] for help
Output #0, wav, to 'dataset/Obama/reply_1766419453546.wav.tmp16k.wav':
  Metadata:
    ISFT            : Lavf58.76.100
  Stream #0:0: Audio: pcm_s16le ([1][0][0][0] / 0x0001), 16000 Hz, mono, s16, 256 kb/s
    Metadata:
      encoder         : Lavc58.134.100 pcm_s16le
size=       2kB time=00:00:00.00 bitrate=N/A speed=N/A    
size=     318kB time=00:00:10.15 bitrate= 256.1kbits/s speed=2.18e+03x    
video:0kB audio:318kB subtitle:0kB other streams:0kB global headers:0kB muxing overhead: 0.023991%
[run_infer.sh] 未找到 npy，开始从 wav 提取 DeepSpeech 特征生成 npy...
dataset/Obama/_ds_tmp_reply_1766419453546/aud.wav
dataset/Obama/_ds_tmp_reply_1766419453546/aud.npy
(254, 16, 29)

2025-12-23 00:04:24.214238: I tensorflow/stream_executor/platform/default/dso_loader.cc:44] Successfully opened dynamic library libcuda.so.1
2025-12-23 00:04:24.317708: E tensorflow/stream_executor/cuda/cuda_gpu_executor.cc:969] could not open file to read NUMA node: /sys/bus/pci/devices/0000:0b:00.0/numa_node
Your kernel may have been built without NUMA support.
2025-12-23 00:04:24.317772: I tensorflow/core/common_runtime/gpu/gpu_device.cc:1618] Found device 0 with properties: 
name: NVIDIA GeForce RTX 5060 Ti major: 12 minor: 0 memoryClockRate(GHz): 2.647
pciBusID: 0000:0b:00.0
2025-12-23 00:04:24.317899: W tensorflow/stream_executor/platform/default/dso_loader.cc:55] Could not load dynamic library 'libcudart.so.10.0'; dlerror: libcudart.so.10.0: cannot open shared object file: No such file or directory
2025-12-23 00:04:24.317991: W tensorflow/stream_executor/platform/default/dso_loader.cc:55] Could not load dynamic library 'libcublas.so.10.0'; dlerror: libcublas.so.10.0: cannot open shared object file: No such file or directory
2025-12-23 00:04:24.318098: W tensorflow/stream_executor/platform/default/dso_loader.cc:55] Could not load dynamic library 'libcufft.so.10.0'; dlerror: libcufft.so.10.0: cannot open shared object file: No such file or directory
2025-12-23 00:04:24.318200: W tensorflow/stream_executor/platform/default/dso_loader.cc:55] Could not load dynamic library 'libcurand.so.10.0'; dlerror: libcurand.so.10.0: cannot open shared object file: No such file or directory
2025-12-23 00:04:24.318294: W tensorflow/stream_executor/platform/default/dso_loader.cc:55] Could not load dynamic library 'libcusolver.so.10.0'; dlerror: libcusolver.so.10.0: cannot open shared object file: No such file or directory
2025-12-23 00:04:24.318398: W tensorflow/stream_executor/platform/default/dso_loader.cc:55] Could not load dynamic library 'libcusparse.so.10.0'; dlerror: libcusparse.so.10.0: cannot open shared object file: No such file or directory
2025-12-23 00:04:24.318530: W tensorflow/stream_executor/platform/default/dso_loader.cc:55] Could not load dynamic library 'libcudnn.so.7'; dlerror: libcudnn.so.7: cannot open shared object file: No such file or directory
2025-12-23 00:04:24.318560: W tensorflow/core/common_runtime/gpu/gpu_device.cc:1641] Cannot dlopen some GPU libraries. Please make sure the missing libraries mentioned above are installed properly if you would like to use GPU. Follow the guide at https://www.tensorflow.org/install/gpu for how to download and setup the required libraries for your platform.
Skipping registering GPU devices...
2025-12-23 00:04:24.318815: I tensorflow/core/platform/cpu_feature_guard.cc:142] Your CPU supports instructions that this TensorFlow binary was not compiled to use: AVX2 FMA
2025-12-23 00:04:24.324680: I tensorflow/core/platform/profile_utils/cpu_utils.cc:94] CPU Frequency: 3400030000 Hz
2025-12-23 00:04:24.326723: I tensorflow/compiler/xla/service/service.cc:168] XLA service 0x374374d0 initialized for platform Host (this does not guarantee that XLA will be used). Devices:
2025-12-23 00:04:24.326765: I tensorflow/compiler/xla/service/service.cc:176]   StreamExecutor device (0): Host, Default Version
2025-12-23 00:04:24.510237: E tensorflow/stream_executor/cuda/cuda_gpu_executor.cc:969] could not open file to read NUMA node: /sys/bus/pci/devices/0000:0b:00.0/numa_node
Your kernel may have been built without NUMA support.
2025-12-23 00:04:24.510367: I tensorflow/compiler/xla/service/service.cc:168] XLA service 0x375e3b50 initialized for platform CUDA (this does not guarantee that XLA will be used). Devices:
2025-12-23 00:04:24.510401: I tensorflow/compiler/xla/service/service.cc:176]   StreamExecutor device (0): NVIDIA GeForce RTX 5060 Ti, Compute Capability 12.0
2025-12-23 00:04:24.510793: I tensorflow/core/common_runtime/gpu/gpu_device.cc:1159] Device interconnect StreamExecutor with strength 1 edge matrix:
2025-12-23 00:04:24.510824: I tensorflow/core/common_runtime/gpu/gpu_device.cc:1165]      

[run_infer.sh] 已生成 npy：dataset/Obama/reply_1766419453546.npy
